  main.c
C:\Users\eBay\Desktop\Backup\Sem2\ICP\assignmentmain\assignmentmain\main.c(43,2): warning C4996: 'scanf': This function or variable may be unsafe. Consider using scanf_s instead. To disable deprecation, use _CRT_SECURE_NO_WARNINGS. See online help for details.
C:\Users\eBay\Desktop\Backup\Sem2\ICP\assignmentmain\assignmentmain\main.c(117,9): warning C4996: 'fopen': This function or variable may be unsafe. Consider using fopen_s instead. To disable deprecation, use _CRT_SECURE_NO_WARNINGS. See online help for details.
C:\Users\eBay\Desktop\Backup\Sem2\ICP\assignmentmain\assignmentmain\main.c(138,9): warning C4996: 'fopen': This function or variable may be unsafe. Consider using fopen_s instead. To disable deprecation, use _CRT_SECURE_NO_WARNINGS. See online help for details.
C:\Users\eBay\Desktop\Backup\Sem2\ICP\assignmentmain\assignmentmain\main.c(145,4): warning C4996: 'fscanf': This function or variable may be unsafe. Consider using fscanf_s instead. To disable deprecation, use _CRT_SECURE_NO_WARNINGS. See online help for details.
C:\Users\eBay\Desktop\Backup\Sem2\ICP\assignmentmain\assignmentmain\main.c(154,4): warning C4996: 'fscanf': This function or variable may be unsafe. Consider using fscanf_s instead. To disable deprecation, use _CRT_SECURE_NO_WARNINGS. See online help for details.
C:\Users\eBay\Desktop\Backup\Sem2\ICP\assignmentmain\assignmentmain\main.c(163,4): warning C4996: 'fscanf': This function or variable may be unsafe. Consider using fscanf_s instead. To disable deprecation, use _CRT_SECURE_NO_WARNINGS. See online help for details.
C:\Users\eBay\Desktop\Backup\Sem2\ICP\assignmentmain\assignmentmain\main.c(172,4): warning C4996: 'fscanf': This function or variable may be unsafe. Consider using fscanf_s instead. To disable deprecation, use _CRT_SECURE_NO_WARNINGS. See online help for details.
C:\Users\eBay\Desktop\Backup\Sem2\ICP\assignmentmain\assignmentmain\main.c(136,7): warning C4101: 'ch': unreferenced local variable
C:\Users\eBay\Desktop\Backup\Sem2\ICP\assignmentmain\assignmentmain\main.c(191,2): warning C4996: 'scanf': This function or variable may be unsafe. Consider using scanf_s instead. To disable deprecation, use _CRT_SECURE_NO_WARNINGS. See online help for details.
C:\Users\eBay\Desktop\Backup\Sem2\ICP\assignmentmain\assignmentmain\main.c(218,2): warning C4996: 'scanf': This function or variable may be unsafe. Consider using scanf_s instead. To disable deprecation, use _CRT_SECURE_NO_WARNINGS. See online help for details.
C:\Users\eBay\Desktop\Backup\Sem2\ICP\assignmentmain\assignmentmain\main.c(268,2): warning C4996: 'scanf': This function or variable may be unsafe. Consider using scanf_s instead. To disable deprecation, use _CRT_SECURE_NO_WARNINGS. See online help for details.
C:\Users\eBay\Desktop\Backup\Sem2\ICP\assignmentmain\assignmentmain\main.c(335,7): warning C4013: 'gets' undefined; assuming extern returning int
C:\Users\eBay\Desktop\Backup\Sem2\ICP\assignmentmain\assignmentmain\main.c(316,9): warning C4996: 'fopen': This function or variable may be unsafe. Consider using fopen_s instead. To disable deprecation, use _CRT_SECURE_NO_WARNINGS. See online help for details.
C:\Users\eBay\Desktop\Backup\Sem2\ICP\assignmentmain\assignmentmain\main.c(331,2): warning C4996: 'scanf': This function or variable may be unsafe. Consider using scanf_s instead. To disable deprecation, use _CRT_SECURE_NO_WARNINGS. See online help for details.
C:\Users\eBay\Desktop\Backup\Sem2\ICP\assignmentmain\assignmentmain\main.c(340,3): warning C4996: 'scanf': This function or variable may be unsafe. Consider using scanf_s instead. To disable deprecation, use _CRT_SECURE_NO_WARNINGS. See online help for details.
C:\Users\eBay\Desktop\Backup\Sem2\ICP\assignmentmain\assignmentmain\main.c(344,3): warning C4996: 'scanf': This function or variable may be unsafe. Consider using scanf_s instead. To disable deprecation, use _CRT_SECURE_NO_WARNINGS. See online help for details.
C:\Users\eBay\Desktop\Backup\Sem2\ICP\assignmentmain\assignmentmain\main.c(348,3): warning C4996: 'scanf': This function or variable may be unsafe. Consider using scanf_s instead. To disable deprecation, use _CRT_SECURE_NO_WARNINGS. See online help for details.
C:\Users\eBay\Desktop\Backup\Sem2\ICP\assignmentmain\assignmentmain\main.c(352,3): warning C4996: 'scanf': This function or variable may be unsafe. Consider using scanf_s instead. To disable deprecation, use _CRT_SECURE_NO_WARNINGS. See online help for details.
C:\Users\eBay\Desktop\Backup\Sem2\ICP\assignmentmain\assignmentmain\main.c(357,3): warning C4996: 'scanf': This function or variable may be unsafe. Consider using scanf_s instead. To disable deprecation, use _CRT_SECURE_NO_WARNINGS. See online help for details.
C:\Users\eBay\Desktop\Backup\Sem2\ICP\assignmentmain\assignmentmain\main.c(312,11): warning C4101: 'option': unreferenced local variable
C:\Users\eBay\Desktop\Backup\Sem2\ICP\assignmentmain\assignmentmain\main.c(314,19): warning C4101: 'A1': unreferenced local variable
C:\Users\eBay\Desktop\Backup\Sem2\ICP\assignmentmain\assignmentmain\main.c(313,17): warning C4101: 'j': unreferenced local variable
C:\Users\eBay\Desktop\Backup\Sem2\ICP\assignmentmain\assignmentmain\main.c(314,28): warning C4101: 'A2': unreferenced local variable
C:\Users\eBay\Desktop\Backup\Sem2\ICP\assignmentmain\assignmentmain\main.c(314,37): warning C4101: 'B2': unreferenced local variable
C:\Users\eBay\Desktop\Backup\Sem2\ICP\assignmentmain\assignmentmain\main.c(314,46): warning C4101: 'B4': unreferenced local variable
C:\Users\eBay\Desktop\Backup\Sem2\ICP\assignmentmain\assignmentmain\main.c(378,24): warning C4244: '=': conversion from 'double' to 'int', possible loss of data
C:\Users\eBay\Desktop\Backup\Sem2\ICP\assignmentmain\assignmentmain\main.c(387,9): warning C4996: 'fopen': This function or variable may be unsafe. Consider using fopen_s instead. To disable deprecation, use _CRT_SECURE_NO_WARNINGS. See online help for details.
C:\Users\eBay\Desktop\Backup\Sem2\ICP\assignmentmain\assignmentmain\main.c(394,4): warning C4996: 'fscanf': This function or variable may be unsafe. Consider using fscanf_s instead. To disable deprecation, use _CRT_SECURE_NO_WARNINGS. See online help for details.
C:\Users\eBay\Desktop\Backup\Sem2\ICP\assignmentmain\assignmentmain\main.c(403,4): warning C4996: 'fscanf': This function or variable may be unsafe. Consider using fscanf_s instead. To disable deprecation, use _CRT_SECURE_NO_WARNINGS. See online help for details.
C:\Users\eBay\Desktop\Backup\Sem2\ICP\assignmentmain\assignmentmain\main.c(412,4): warning C4996: 'fscanf': This function or variable may be unsafe. Consider using fscanf_s instead. To disable deprecation, use _CRT_SECURE_NO_WARNINGS. See online help for details.
C:\Users\eBay\Desktop\Backup\Sem2\ICP\assignmentmain\assignmentmain\main.c(421,4): warning C4996: 'fscanf': This function or variable may be unsafe. Consider using fscanf_s instead. To disable deprecation, use _CRT_SECURE_NO_WARNINGS. See online help for details.
C:\Users\eBay\Desktop\Backup\Sem2\ICP\assignmentmain\assignmentmain\main.c(444,2): warning C4996: 'scanf': This function or variable may be unsafe. Consider using scanf_s instead. To disable deprecation, use _CRT_SECURE_NO_WARNINGS. See online help for details.
C:\Users\eBay\Desktop\Backup\Sem2\ICP\assignmentmain\assignmentmain\main.c(450,2): warning C4996: 'scanf': This function or variable may be unsafe. Consider using scanf_s instead. To disable deprecation, use _CRT_SECURE_NO_WARNINGS. See online help for details.
C:\Users\eBay\Desktop\Backup\Sem2\ICP\assignmentmain\assignmentmain\main.c(439,8): warning C4101: 'fptr': unreferenced local variable
C:\Users\eBay\Desktop\Backup\Sem2\ICP\assignmentmain\assignmentmain\main.c(441,17): warning C4101: 'comfirm': unreferenced local variable
C:\Users\eBay\Desktop\Backup\Sem2\ICP\assignmentmain\assignmentmain\main.c(442,19): warning C4101: 'A1': unreferenced local variable
C:\Users\eBay\Desktop\Backup\Sem2\ICP\assignmentmain\assignmentmain\main.c(442,28): warning C4101: 'A2': unreferenced local variable
C:\Users\eBay\Desktop\Backup\Sem2\ICP\assignmentmain\assignmentmain\main.c(442,37): warning C4101: 'B2': unreferenced local variable
C:\Users\eBay\Desktop\Backup\Sem2\ICP\assignmentmain\assignmentmain\main.c(442,46): warning C4101: 'B4': unreferenced local variable
C:\Users\eBay\Desktop\Backup\Sem2\ICP\assignmentmain\assignmentmain\main.c(501,9): warning C4996: 'fopen': This function or variable may be unsafe. Consider using fopen_s instead. To disable deprecation, use _CRT_SECURE_NO_WARNINGS. See online help for details.
C:\Users\eBay\Desktop\Backup\Sem2\ICP\assignmentmain\assignmentmain\main.c(502,10): warning C4996: 'fopen': This function or variable may be unsafe. Consider using fopen_s instead. To disable deprecation, use _CRT_SECURE_NO_WARNINGS. See online help for details.
C:\Users\eBay\Desktop\Backup\Sem2\ICP\assignmentmain\assignmentmain\main.c(509,4): warning C4996: 'fscanf': This function or variable may be unsafe. Consider using fscanf_s instead. To disable deprecation, use _CRT_SECURE_NO_WARNINGS. See online help for details.
C:\Users\eBay\Desktop\Backup\Sem2\ICP\assignmentmain\assignmentmain\main.c(521,4): warning C4996: 'fscanf': This function or variable may be unsafe. Consider using fscanf_s instead. To disable deprecation, use _CRT_SECURE_NO_WARNINGS. See online help for details.
C:\Users\eBay\Desktop\Backup\Sem2\ICP\assignmentmain\assignmentmain\main.c(533,4): warning C4996: 'fscanf': This function or variable may be unsafe. Consider using fscanf_s instead. To disable deprecation, use _CRT_SECURE_NO_WARNINGS. See online help for details.
C:\Users\eBay\Desktop\Backup\Sem2\ICP\assignmentmain\assignmentmain\main.c(545,4): warning C4996: 'fscanf': This function or variable may be unsafe. Consider using fscanf_s instead. To disable deprecation, use _CRT_SECURE_NO_WARNINGS. See online help for details.
C:\Users\eBay\Desktop\Backup\Sem2\ICP\assignmentmain\assignmentmain\main.c(499,7): warning C4101: 'ch': unreferenced local variable
C:\Users\eBay\Desktop\Backup\Sem2\ICP\assignmentmain\assignmentmain\main.c(569,9): warning C4996: 'fopen': This function or variable may be unsafe. Consider using fopen_s instead. To disable deprecation, use _CRT_SECURE_NO_WARNINGS. See online help for details.
C:\Users\eBay\Desktop\Backup\Sem2\ICP\assignmentmain\assignmentmain\main.c(570,10): warning C4996: 'fopen': This function or variable may be unsafe. Consider using fopen_s instead. To disable deprecation, use _CRT_SECURE_NO_WARNINGS. See online help for details.
C:\Users\eBay\Desktop\Backup\Sem2\ICP\assignmentmain\assignmentmain\main.c(577,4): warning C4996: 'fscanf': This function or variable may be unsafe. Consider using fscanf_s instead. To disable deprecation, use _CRT_SECURE_NO_WARNINGS. See online help for details.
C:\Users\eBay\Desktop\Backup\Sem2\ICP\assignmentmain\assignmentmain\main.c(582,5): warning C4996: 'scanf': This function or variable may be unsafe. Consider using scanf_s instead. To disable deprecation, use _CRT_SECURE_NO_WARNINGS. See online help for details.
C:\Users\eBay\Desktop\Backup\Sem2\ICP\assignmentmain\assignmentmain\main.c(591,6): warning C4996: 'scanf': This function or variable may be unsafe. Consider using scanf_s instead. To disable deprecation, use _CRT_SECURE_NO_WARNINGS. See online help for details.
C:\Users\eBay\Desktop\Backup\Sem2\ICP\assignmentmain\assignmentmain\main.c(595,6): warning C4996: 'scanf': This function or variable may be unsafe. Consider using scanf_s instead. To disable deprecation, use _CRT_SECURE_NO_WARNINGS. See online help for details.
C:\Users\eBay\Desktop\Backup\Sem2\ICP\assignmentmain\assignmentmain\main.c(599,6): warning C4996: 'scanf': This function or variable may be unsafe. Consider using scanf_s instead. To disable deprecation, use _CRT_SECURE_NO_WARNINGS. See online help for details.
C:\Users\eBay\Desktop\Backup\Sem2\ICP\assignmentmain\assignmentmain\main.c(603,6): warning C4996: 'scanf': This function or variable may be unsafe. Consider using scanf_s instead. To disable deprecation, use _CRT_SECURE_NO_WARNINGS. See online help for details.
C:\Users\eBay\Desktop\Backup\Sem2\ICP\assignmentmain\assignmentmain\main.c(608,6): warning C4996: 'scanf': This function or variable may be unsafe. Consider using scanf_s instead. To disable deprecation, use _CRT_SECURE_NO_WARNINGS. See online help for details.
C:\Users\eBay\Desktop\Backup\Sem2\ICP\assignmentmain\assignmentmain\main.c(629,4): warning C4996: 'fscanf': This function or variable may be unsafe. Consider using fscanf_s instead. To disable deprecation, use _CRT_SECURE_NO_WARNINGS. See online help for details.
C:\Users\eBay\Desktop\Backup\Sem2\ICP\assignmentmain\assignmentmain\main.c(634,5): warning C4996: 'scanf': This function or variable may be unsafe. Consider using scanf_s instead. To disable deprecation, use _CRT_SECURE_NO_WARNINGS. See online help for details.
C:\Users\eBay\Desktop\Backup\Sem2\ICP\assignmentmain\assignmentmain\main.c(642,6): warning C4996: 'scanf': This function or variable may be unsafe. Consider using scanf_s instead. To disable deprecation, use _CRT_SECURE_NO_WARNINGS. See online help for details.
C:\Users\eBay\Desktop\Backup\Sem2\ICP\assignmentmain\assignmentmain\main.c(646,6): warning C4996: 'scanf': This function or variable may be unsafe. Consider using scanf_s instead. To disable deprecation, use _CRT_SECURE_NO_WARNINGS. See online help for details.
C:\Users\eBay\Desktop\Backup\Sem2\ICP\assignmentmain\assignmentmain\main.c(650,6): warning C4996: 'scanf': This function or variable may be unsafe. Consider using scanf_s instead. To disable deprecation, use _CRT_SECURE_NO_WARNINGS. See online help for details.
C:\Users\eBay\Desktop\Backup\Sem2\ICP\assignmentmain\assignmentmain\main.c(654,6): warning C4996: 'scanf': This function or variable may be unsafe. Consider using scanf_s instead. To disable deprecation, use _CRT_SECURE_NO_WARNINGS. See online help for details.
C:\Users\eBay\Desktop\Backup\Sem2\ICP\assignmentmain\assignmentmain\main.c(659,6): warning C4996: 'scanf': This function or variable may be unsafe. Consider using scanf_s instead. To disable deprecation, use _CRT_SECURE_NO_WARNINGS. See online help for details.
C:\Users\eBay\Desktop\Backup\Sem2\ICP\assignmentmain\assignmentmain\main.c(680,4): warning C4996: 'fscanf': This function or variable may be unsafe. Consider using fscanf_s instead. To disable deprecation, use _CRT_SECURE_NO_WARNINGS. See online help for details.
C:\Users\eBay\Desktop\Backup\Sem2\ICP\assignmentmain\assignmentmain\main.c(685,5): warning C4996: 'scanf': This function or variable may be unsafe. Consider using scanf_s instead. To disable deprecation, use _CRT_SECURE_NO_WARNINGS. See online help for details.
C:\Users\eBay\Desktop\Backup\Sem2\ICP\assignmentmain\assignmentmain\main.c(693,6): warning C4996: 'scanf': This function or variable may be unsafe. Consider using scanf_s instead. To disable deprecation, use _CRT_SECURE_NO_WARNINGS. See online help for details.
C:\Users\eBay\Desktop\Backup\Sem2\ICP\assignmentmain\assignmentmain\main.c(697,6): warning C4996: 'scanf': This function or variable may be unsafe. Consider using scanf_s instead. To disable deprecation, use _CRT_SECURE_NO_WARNINGS. See online help for details.
C:\Users\eBay\Desktop\Backup\Sem2\ICP\assignmentmain\assignmentmain\main.c(701,6): warning C4996: 'scanf': This function or variable may be unsafe. Consider using scanf_s instead. To disable deprecation, use _CRT_SECURE_NO_WARNINGS. See online help for details.
C:\Users\eBay\Desktop\Backup\Sem2\ICP\assignmentmain\assignmentmain\main.c(705,6): warning C4996: 'scanf': This function or variable may be unsafe. Consider using scanf_s instead. To disable deprecation, use _CRT_SECURE_NO_WARNINGS. See online help for details.
C:\Users\eBay\Desktop\Backup\Sem2\ICP\assignmentmain\assignmentmain\main.c(710,6): warning C4996: 'scanf': This function or variable may be unsafe. Consider using scanf_s instead. To disable deprecation, use _CRT_SECURE_NO_WARNINGS. See online help for details.
C:\Users\eBay\Desktop\Backup\Sem2\ICP\assignmentmain\assignmentmain\main.c(731,4): warning C4996: 'fscanf': This function or variable may be unsafe. Consider using fscanf_s instead. To disable deprecation, use _CRT_SECURE_NO_WARNINGS. See online help for details.
C:\Users\eBay\Desktop\Backup\Sem2\ICP\assignmentmain\assignmentmain\main.c(736,5): warning C4996: 'scanf': This function or variable may be unsafe. Consider using scanf_s instead. To disable deprecation, use _CRT_SECURE_NO_WARNINGS. See online help for details.
C:\Users\eBay\Desktop\Backup\Sem2\ICP\assignmentmain\assignmentmain\main.c(744,6): warning C4996: 'scanf': This function or variable may be unsafe. Consider using scanf_s instead. To disable deprecation, use _CRT_SECURE_NO_WARNINGS. See online help for details.
C:\Users\eBay\Desktop\Backup\Sem2\ICP\assignmentmain\assignmentmain\main.c(748,6): warning C4996: 'scanf': This function or variable may be unsafe. Consider using scanf_s instead. To disable deprecation, use _CRT_SECURE_NO_WARNINGS. See online help for details.
C:\Users\eBay\Desktop\Backup\Sem2\ICP\assignmentmain\assignmentmain\main.c(752,6): warning C4996: 'scanf': This function or variable may be unsafe. Consider using scanf_s instead. To disable deprecation, use _CRT_SECURE_NO_WARNINGS. See online help for details.
C:\Users\eBay\Desktop\Backup\Sem2\ICP\assignmentmain\assignmentmain\main.c(756,6): warning C4996: 'scanf': This function or variable may be unsafe. Consider using scanf_s instead. To disable deprecation, use _CRT_SECURE_NO_WARNINGS. See online help for details.
C:\Users\eBay\Desktop\Backup\Sem2\ICP\assignmentmain\assignmentmain\main.c(790,2): warning C4996: 'scanf': This function or variable may be unsafe. Consider using scanf_s instead. To disable deprecation, use _CRT_SECURE_NO_WARNINGS. See online help for details.
C:\Users\eBay\Desktop\Backup\Sem2\ICP\assignmentmain\assignmentmain\main.c(796,2): warning C4996: 'scanf': This function or variable may be unsafe. Consider using scanf_s instead. To disable deprecation, use _CRT_SECURE_NO_WARNINGS. See online help for details.
C:\Users\eBay\Desktop\Backup\Sem2\ICP\assignmentmain\assignmentmain\main.c(859,2): warning C4996: 'scanf': This function or variable may be unsafe. Consider using scanf_s instead. To disable deprecation, use _CRT_SECURE_NO_WARNINGS. See online help for details.
C:\Users\eBay\Desktop\Backup\Sem2\ICP\assignmentmain\assignmentmain\main.c(861,10): warning C4996: 'fopen': This function or variable may be unsafe. Consider using fopen_s instead. To disable deprecation, use _CRT_SECURE_NO_WARNINGS. See online help for details.
C:\Users\eBay\Desktop\Backup\Sem2\ICP\assignmentmain\assignmentmain\main.c(863,4): warning C4996: 'fscanf': This function or variable may be unsafe. Consider using fscanf_s instead. To disable deprecation, use _CRT_SECURE_NO_WARNINGS. See online help for details.
C:\Users\eBay\Desktop\Backup\Sem2\ICP\assignmentmain\assignmentmain\main.c(873,10): warning C4996: 'fopen': This function or variable may be unsafe. Consider using fopen_s instead. To disable deprecation, use _CRT_SECURE_NO_WARNINGS. See online help for details.
C:\Users\eBay\Desktop\Backup\Sem2\ICP\assignmentmain\assignmentmain\main.c(875,4): warning C4996: 'fscanf': This function or variable may be unsafe. Consider using fscanf_s instead. To disable deprecation, use _CRT_SECURE_NO_WARNINGS. See online help for details.
C:\Users\eBay\Desktop\Backup\Sem2\ICP\assignmentmain\assignmentmain\main.c(885,10): warning C4996: 'fopen': This function or variable may be unsafe. Consider using fopen_s instead. To disable deprecation, use _CRT_SECURE_NO_WARNINGS. See online help for details.
C:\Users\eBay\Desktop\Backup\Sem2\ICP\assignmentmain\assignmentmain\main.c(887,4): warning C4996: 'fscanf': This function or variable may be unsafe. Consider using fscanf_s instead. To disable deprecation, use _CRT_SECURE_NO_WARNINGS. See online help for details.
C:\Users\eBay\Desktop\Backup\Sem2\ICP\assignmentmain\assignmentmain\main.c(897,10): warning C4996: 'fopen': This function or variable may be unsafe. Consider using fopen_s instead. To disable deprecation, use _CRT_SECURE_NO_WARNINGS. See online help for details.
C:\Users\eBay\Desktop\Backup\Sem2\ICP\assignmentmain\assignmentmain\main.c(899,4): warning C4996: 'fscanf': This function or variable may be unsafe. Consider using fscanf_s instead. To disable deprecation, use _CRT_SECURE_NO_WARNINGS. See online help for details.
C:\Users\eBay\Desktop\Backup\Sem2\ICP\assignmentmain\assignmentmain\main.c(923,2): warning C4996: 'scanf': This function or variable may be unsafe. Consider using scanf_s instead. To disable deprecation, use _CRT_SECURE_NO_WARNINGS. See online help for details.
C:\Users\eBay\Desktop\Backup\Sem2\ICP\assignmentmain\assignmentmain\main.c(929,2): warning C4996: 'scanf': This function or variable may be unsafe. Consider using scanf_s instead. To disable deprecation, use _CRT_SECURE_NO_WARNINGS. See online help for details.
C:\Users\eBay\Desktop\Backup\Sem2\ICP\assignmentmain\assignmentmain\main.c(932,11): warning C4996: 'fopen': This function or variable may be unsafe. Consider using fopen_s instead. To disable deprecation, use _CRT_SECURE_NO_WARNINGS. See online help for details.
C:\Users\eBay\Desktop\Backup\Sem2\ICP\assignmentmain\assignmentmain\main.c(937,4): warning C4996: 'fscanf': This function or variable may be unsafe. Consider using fscanf_s instead. To disable deprecation, use _CRT_SECURE_NO_WARNINGS. See online help for details.
C:\Users\eBay\Desktop\Backup\Sem2\ICP\assignmentmain\assignmentmain\main.c(946,11): warning C4996: 'fopen': This function or variable may be unsafe. Consider using fopen_s instead. To disable deprecation, use _CRT_SECURE_NO_WARNINGS. See online help for details.
C:\Users\eBay\Desktop\Backup\Sem2\ICP\assignmentmain\assignmentmain\main.c(951,4): warning C4996: 'fscanf': This function or variable may be unsafe. Consider using fscanf_s instead. To disable deprecation, use _CRT_SECURE_NO_WARNINGS. See online help for details.
C:\Users\eBay\Desktop\Backup\Sem2\ICP\assignmentmain\assignmentmain\main.c(960,11): warning C4996: 'fopen': This function or variable may be unsafe. Consider using fopen_s instead. To disable deprecation, use _CRT_SECURE_NO_WARNINGS. See online help for details.
C:\Users\eBay\Desktop\Backup\Sem2\ICP\assignmentmain\assignmentmain\main.c(965,4): warning C4996: 'fscanf': This function or variable may be unsafe. Consider using fscanf_s instead. To disable deprecation, use _CRT_SECURE_NO_WARNINGS. See online help for details.
C:\Users\eBay\Desktop\Backup\Sem2\ICP\assignmentmain\assignmentmain\main.c(974,11): warning C4996: 'fopen': This function or variable may be unsafe. Consider using fopen_s instead. To disable deprecation, use _CRT_SECURE_NO_WARNINGS. See online help for details.
C:\Users\eBay\Desktop\Backup\Sem2\ICP\assignmentmain\assignmentmain\main.c(979,4): warning C4996: 'fscanf': This function or variable may be unsafe. Consider using fscanf_s instead. To disable deprecation, use _CRT_SECURE_NO_WARNINGS. See online help for details.
C:\Users\eBay\Desktop\Backup\Sem2\ICP\assignmentmain\assignmentmain\main.c(1000,2): warning C4996: 'scanf': This function or variable may be unsafe. Consider using scanf_s instead. To disable deprecation, use _CRT_SECURE_NO_WARNINGS. See online help for details.
C:\Users\eBay\Desktop\Backup\Sem2\ICP\assignmentmain\assignmentmain\main.c(1006,2): warning C4996: 'scanf': This function or variable may be unsafe. Consider using scanf_s instead. To disable deprecation, use _CRT_SECURE_NO_WARNINGS. See online help for details.
C:\Users\eBay\Desktop\Backup\Sem2\ICP\assignmentmain\assignmentmain\main.c(1007,10): warning C4996: 'fopen': This function or variable may be unsafe. Consider using fopen_s instead. To disable deprecation, use _CRT_SECURE_NO_WARNINGS. See online help for details.
C:\Users\eBay\Desktop\Backup\Sem2\ICP\assignmentmain\assignmentmain\main.c(1010,11): warning C4996: 'fopen': This function or variable may be unsafe. Consider using fopen_s instead. To disable deprecation, use _CRT_SECURE_NO_WARNINGS. See online help for details.
C:\Users\eBay\Desktop\Backup\Sem2\ICP\assignmentmain\assignmentmain\main.c(1016,5): warning C4996: 'fscanf': This function or variable may be unsafe. Consider using fscanf_s instead. To disable deprecation, use _CRT_SECURE_NO_WARNINGS. See online help for details.
C:\Users\eBay\Desktop\Backup\Sem2\ICP\assignmentmain\assignmentmain\main.c(1020,6): warning C4996: 'scanf': This function or variable may be unsafe. Consider using scanf_s instead. To disable deprecation, use _CRT_SECURE_NO_WARNINGS. See online help for details.
C:\Users\eBay\Desktop\Backup\Sem2\ICP\assignmentmain\assignmentmain\main.c(1039,11): warning C4996: 'fopen': This function or variable may be unsafe. Consider using fopen_s instead. To disable deprecation, use _CRT_SECURE_NO_WARNINGS. See online help for details.
C:\Users\eBay\Desktop\Backup\Sem2\ICP\assignmentmain\assignmentmain\main.c(1045,5): warning C4996: 'fscanf': This function or variable may be unsafe. Consider using fscanf_s instead. To disable deprecation, use _CRT_SECURE_NO_WARNINGS. See online help for details.
C:\Users\eBay\Desktop\Backup\Sem2\ICP\assignmentmain\assignmentmain\main.c(1049,6): warning C4996: 'scanf': This function or variable may be unsafe. Consider using scanf_s instead. To disable deprecation, use _CRT_SECURE_NO_WARNINGS. See online help for details.
C:\Users\eBay\Desktop\Backup\Sem2\ICP\assignmentmain\assignmentmain\main.c(1071,11): warning C4996: 'fopen': This function or variable may be unsafe. Consider using fopen_s instead. To disable deprecation, use _CRT_SECURE_NO_WARNINGS. See online help for details.
C:\Users\eBay\Desktop\Backup\Sem2\ICP\assignmentmain\assignmentmain\main.c(1077,5): warning C4996: 'fscanf': This function or variable may be unsafe. Consider using fscanf_s instead. To disable deprecation, use _CRT_SECURE_NO_WARNINGS. See online help for details.
C:\Users\eBay\Desktop\Backup\Sem2\ICP\assignmentmain\assignmentmain\main.c(1081,6): warning C4996: 'scanf': This function or variable may be unsafe. Consider using scanf_s instead. To disable deprecation, use _CRT_SECURE_NO_WARNINGS. See online help for details.
C:\Users\eBay\Desktop\Backup\Sem2\ICP\assignmentmain\assignmentmain\main.c(1103,11): warning C4996: 'fopen': This function or variable may be unsafe. Consider using fopen_s instead. To disable deprecation, use _CRT_SECURE_NO_WARNINGS. See online help for details.
C:\Users\eBay\Desktop\Backup\Sem2\ICP\assignmentmain\assignmentmain\main.c(1109,5): warning C4996: 'fscanf': This function or variable may be unsafe. Consider using fscanf_s instead. To disable deprecation, use _CRT_SECURE_NO_WARNINGS. See online help for details.
C:\Users\eBay\Desktop\Backup\Sem2\ICP\assignmentmain\assignmentmain\main.c(1113,6): warning C4996: 'scanf': This function or variable may be unsafe. Consider using scanf_s instead. To disable deprecation, use _CRT_SECURE_NO_WARNINGS. See online help for details.
C:\Users\eBay\Desktop\Backup\Sem2\ICP\assignmentmain\assignmentmain\main.c(1142,2): warning C4996: 'scanf': This function or variable may be unsafe. Consider using scanf_s instead. To disable deprecation, use _CRT_SECURE_NO_WARNINGS. See online help for details.
C:\Users\eBay\Desktop\Backup\Sem2\ICP\assignmentmain\assignmentmain\main.c(110): warning C4715: 'bedavail': not all control paths return a value
  assignmentmain.vcxproj -> C:\Users\eBay\Desktop\Backup\Sem2\ICP\assignmentmain\x64\Debug\assignmentmain.exe
